0 info it worked if it ends with ok
1 verbose cli [ 'node', '/usr/local/bin/npm', 'publish' ]
2 info using npm@1.1.69
3 info using node@v0.8.16
4 verbose publish [ '.' ]
5 verbose read json /Users/tracyabrahms/chrisercises/Project1/templatingLanguage/package.json
6 verbose cache add [ '.', null ]
7 silly cache add name=undefined spec="." args=[".",null]
8 verbose parsed url { pathname: '.', path: '.', href: '.' }
9 silly lockFile 3a52ce78- .
10 verbose lock . /Users/tracyabrahms/.npm/3a52ce78-.lock
11 verbose read json package.json
12 verbose tar pack [ '/var/folders/2_/25b1k8dd785_v7wxzkz2lwk00000gn/T/npm-38793/1358897481492-0.507135545136407/tmp.tgz',
12 verbose tar pack   '.' ]
13 verbose tarball /var/folders/2_/25b1k8dd785_v7wxzkz2lwk00000gn/T/npm-38793/1358897481492-0.507135545136407/tmp.tgz
14 verbose folder .
15 info prepublish templatingLanguage@0.0.0
16 silly lockFile 16fd6a1a-481492-0-507135545136407-tmp-tgz /var/folders/2_/25b1k8dd785_v7wxzkz2lwk00000gn/T/npm-38793/1358897481492-0.507135545136407/tmp.tgz
17 verbose lock /var/folders/2_/25b1k8dd785_v7wxzkz2lwk00000gn/T/npm-38793/1358897481492-0.507135545136407/tmp.tgz /Users/tracyabrahms/.npm/16fd6a1a-481492-0-507135545136407-tmp-tgz.lock
18 silly lockFile 16fd6a1a-481492-0-507135545136407-tmp-tgz /var/folders/2_/25b1k8dd785_v7wxzkz2lwk00000gn/T/npm-38793/1358897481492-0.507135545136407/tmp.tgz
19 verbose tar unpack /var/folders/2_/25b1k8dd785_v7wxzkz2lwk00000gn/T/npm-38793/1358897481492-0.507135545136407/tmp.tgz
20 silly lockFile e73e75fc-481492-0-507135545136407-package /var/folders/2_/25b1k8dd785_v7wxzkz2lwk00000gn/T/npm-38793/1358897481492-0.507135545136407/package
21 verbose lock /var/folders/2_/25b1k8dd785_v7wxzkz2lwk00000gn/T/npm-38793/1358897481492-0.507135545136407/package /Users/tracyabrahms/.npm/e73e75fc-481492-0-507135545136407-package.lock
22 silly gunzTarPerm modes [ '755', '644' ]
23 silly gunzTarPerm extractEntry package.json
24 silly gunzTarPerm extractEntry README.md
25 silly gunzTarPerm extractEntry index.js
26 silly gunzTarPerm extractEntry test.js
27 verbose read json /var/folders/2_/25b1k8dd785_v7wxzkz2lwk00000gn/T/npm-38793/1358897481492-0.507135545136407/package/package.json
28 silly lockFile e73e75fc-481492-0-507135545136407-package /var/folders/2_/25b1k8dd785_v7wxzkz2lwk00000gn/T/npm-38793/1358897481492-0.507135545136407/package
29 verbose from cache /var/folders/2_/25b1k8dd785_v7wxzkz2lwk00000gn/T/npm-38793/1358897481492-0.507135545136407/package/package.json
30 verbose tar pack [ '/Users/tracyabrahms/.npm/templatingLanguage/0.0.0/package.tgz',
30 verbose tar pack   '/var/folders/2_/25b1k8dd785_v7wxzkz2lwk00000gn/T/npm-38793/1358897481492-0.507135545136407/package' ]
31 verbose tarball /Users/tracyabrahms/.npm/templatingLanguage/0.0.0/package.tgz
32 verbose folder /var/folders/2_/25b1k8dd785_v7wxzkz2lwk00000gn/T/npm-38793/1358897481492-0.507135545136407/package
33 silly lockFile 99e58a05-latingLanguage-0-0-0-package-tgz /Users/tracyabrahms/.npm/templatingLanguage/0.0.0/package.tgz
34 verbose lock /Users/tracyabrahms/.npm/templatingLanguage/0.0.0/package.tgz /Users/tracyabrahms/.npm/99e58a05-latingLanguage-0-0-0-package-tgz.lock
35 silly lockFile 99e58a05-latingLanguage-0-0-0-package-tgz /Users/tracyabrahms/.npm/templatingLanguage/0.0.0/package.tgz
36 silly lockFile 07c27371-templatingLanguage-0-0-0-package /Users/tracyabrahms/.npm/templatingLanguage/0.0.0/package
37 verbose lock /Users/tracyabrahms/.npm/templatingLanguage/0.0.0/package /Users/tracyabrahms/.npm/07c27371-templatingLanguage-0-0-0-package.lock
38 silly lockFile 07c27371-templatingLanguage-0-0-0-package /Users/tracyabrahms/.npm/templatingLanguage/0.0.0/package
39 verbose tar unpack /Users/tracyabrahms/.npm/templatingLanguage/0.0.0/package.tgz
40 silly lockFile 07c27371-templatingLanguage-0-0-0-package /Users/tracyabrahms/.npm/templatingLanguage/0.0.0/package
41 verbose lock /Users/tracyabrahms/.npm/templatingLanguage/0.0.0/package /Users/tracyabrahms/.npm/07c27371-templatingLanguage-0-0-0-package.lock
42 silly gunzTarPerm modes [ '755', '644' ]
43 silly gunzTarPerm extractEntry package.json
44 silly gunzTarPerm extractEntry README.md
45 silly gunzTarPerm extractEntry index.js
46 silly gunzTarPerm extractEntry test.js
47 verbose read json /Users/tracyabrahms/.npm/templatingLanguage/0.0.0/package/package.json
48 silly lockFile 07c27371-templatingLanguage-0-0-0-package /Users/tracyabrahms/.npm/templatingLanguage/0.0.0/package
49 silly shasum updated bytes 1239
50 info shasum 8bdd223974f4892f8034f46ff2c0233f47181e32
50 info shasum /Users/tracyabrahms/.npm/templatingLanguage/0.0.0/package.tgz
51 verbose from cache /Users/tracyabrahms/.npm/templatingLanguage/0.0.0/package/package.json
52 verbose chmod /Users/tracyabrahms/.npm/templatingLanguage/0.0.0/package.tgz 644
53 verbose chown /Users/tracyabrahms/.npm/templatingLanguage/0.0.0/package.tgz [ 501, 20 ]
54 silly lockFile 3a52ce78- .
55 silly publish { name: 'templatingLanguage',
55 silly publish   version: '0.0.0',
55 silly publish   description: 'A simple templating language written as part of a tutorial on JavaScript.',
55 silly publish   main: 'index.js',
55 silly publish   scripts: { test: 'node test.js' },
55 silly publish   repository:
55 silly publish    { type: 'git',
55 silly publish      url: 'git://github.com/hackygolucky/templatingLanguage.git' },
55 silly publish   keywords: [ 'template', 'tutorial', 'simple' ],
55 silly publish   author: { name: 'Tracy Abrahms', email: 'tracyabrahms@gmail.com' },
55 silly publish   license: 'MIT',
55 silly publish   readmeFilename: 'README.md',
55 silly publish   readme: '# templatingLanguage\n\nA simple templating language written as part of a tutorial on JavaScript.\n\n```javascript\nvar parse = require(\'templatingLanguage\');\nvar template = parse(\'hello {{ world }}\');\nvar context = {world: \'?\'};\n\nconsole.log(template(context));  // === \'hello ?\'\n```\n\n\n## API\n\n#### parse = require(\'templatingLanguage\')  -> function(str)\n\nreturns a function that accepts a string to parse it into a templating function.\n\n#### parse(str)  -> function(context)\n\nreturns a function that accepts context to render a string.\n\n## LICENSE \n\nMIT\n',
55 silly publish   _id: 'templatingLanguage@0.0.0',
55 silly publish   dist: { shasum: '8bdd223974f4892f8034f46ff2c0233f47181e32' } }
56 verbose url raw templatingLanguage
57 verbose url resolving [ 'https://registry.npmjs.org/', './templatingLanguage' ]
58 verbose url resolved https://registry.npmjs.org/templatingLanguage
59 info trying registry request attempt 1 at 15:31:26
60 http PUT https://registry.npmjs.org/templatingLanguage
61 http 403 https://registry.npmjs.org/templatingLanguage
62 error publish Failed PUT response 403
63 error Error: forbidden New packages must have all-lowercase names: templatingLanguage
63 error     at RegClient.<anonymous> (/usr/local/lib/node_modules/npm/node_modules/npm-registry-client/lib/request.js:259:14)
63 error     at Request.init.self.callback (/usr/local/lib/node_modules/npm/node_modules/request/main.js:120:22)
63 error     at Request.EventEmitter.emit (events.js:99:17)
63 error     at Request.<anonymous> (/usr/local/lib/node_modules/npm/node_modules/request/main.js:648:16)
63 error     at Request.EventEmitter.emit (events.js:126:20)
63 error     at IncomingMessage.Request.start.self.req.self.httpModule.request.buffer (/usr/local/lib/node_modules/npm/node_modules/request/main.js:610:14)
63 error     at IncomingMessage.EventEmitter.emit (events.js:126:20)
63 error     at IncomingMessage._emitEnd (http.js:366:10)
63 error     at HTTPParser.parserOnMessageComplete [as onMessageComplete] (http.js:149:23)
63 error     at CleartextStream.socketOnData [as ondata] (http.js:1367:20)
64 error If you need help, you may report this log at:
64 error     <http://github.com/isaacs/npm/issues>
64 error or email it to:
64 error     <npm-@googlegroups.com>
65 error System Darwin 12.2.1
66 error command "node" "/usr/local/bin/npm" "publish"
67 error cwd /Users/tracyabrahms/chrisercises/Project1/templatingLanguage
68 error node -v v0.8.16
69 error npm -v 1.1.69
70 verbose exit [ 1, true ]
